=== Bitcoin Group Audio Downloader ===
Total episodes: 482
Output: /Users/curiobot/Sites/1n2.org/bitcoingroup-audio/audio
Started: Sun Mar  8 13:03:09 PDT 2026

[1/482] Downloading #001 (EPBPIi2EVdQ)...
  ✅ Done ( 37M)
[2/482] Downloading #002 (ztv45gUHcgc)...
  ✅ Done ( 29M)
[3/482] Downloading #003 (yGJWy660_0k)...
  ✅ Done ( 27M)
[4/482] Downloading #004 (yftpgSJAT9I)...
  ✅ Done ( 23M)
[5/482] Downloading #005 (iStxen0z40Q)...
  ✅ Done ( 35M)
[6/482] Downloading #006 (1S2-7932OiU)...
  ✅ Done ( 32M)
[7/482] Downloading #007 (5FwKieydrZ8)...
  ✅ Done ( 43M)
[8/482] Downloading #008 (zE7bP_IiK6k)...
  ✅ Done ( 41M)
[9/482] Downloading #009 (6u2T0LUEIuQ)...
  ✅ Done ( 29M)
[10/482] Downloading #010 (IC_gnN4hAk4)...
  ✅ Done ( 21M)
[11/482] Downloading #011 (FxiqueOg758)...
  ✅ Done ( 32M)
[12/482] Downloading #012 (ESVB0JzT-8E)...
  ✅ Done ( 34M)
[13/482] Downloading #013 (XQL-tB2ANU8)...
  ✅ Done ( 63M)
[14/482] Downloading #014 (iLSdXRlAKm8)...
  ✅ Done ( 80M)
[15/482] Downloading #015 (Kh4T91YPKEk)...
  ✅ Done ( 81M)
[16/482] Downloading #016 (m5T-m9g47BU)...
  ✅ Done ( 73M)
[17/482] Downloading #017 (RWz6uEZoIo0)...
  ✅ Done ( 96M)
[18/482] Downloading #018 (btd7I_NA0A0)...
  ✅ Done ( 81M)
[19/482] Downloading #019 (rEIk7Advroo)...
  ✅ Done (129M)
[20/482] Downloading #020 (zz_rLchwzck)...
  ✅ Done ( 97M)
[21/482] Downloading #021 (KWeIOUXMHuQ)...
  ✅ Done ( 60M)
[22/482] Downloading #022 (JJ9dtNqm5PA)...
  ✅ Done ( 80M)
[23/482] Downloading #023 (PRSSFvtekrM)...
  ✅ Done ( 54M)
[24/482] Downloading #024 (xk5MIW4_8VU)...
  ✅ Done ( 52M)
[25/482] Downloading #025 (bLH6VMrYz6c)...
  ✅ Done ( 81M)
[26/482] Downloading #026 (JAYJL9hq--c)...
  ✅ Done ( 64M)
[27/482] Downloading #027 (oui86OFyH5s)...
  ✅ Done ( 33M)
[28/482] Downloading #028 (0robWr9pyxg)...
  ✅ Done ( 97M)
[29/482] Downloading #029 (Eh_kdd6hZ30)...
  ✅ Done ( 80M)
[30/482] Downloading #030 (YPNHAXjfiks)...
  ✅ Done ( 80M)
[31/482] Downloading #031 (AYWBPDdwdDg)...
  ✅ Done ( 45M)
[32/482] Downloading #032 (H2m9tBAqy08)...
  ✅ Done ( 42M)
[33/482] Downloading #033 (QCUINibZjCo)...
  ✅ Done ( 53M)
[34/482] Downloading #034 (n2r_Anw04cg)...
  ✅ Done ( 80M)
[35/482] Downloading #035 (Kp_qbMaTcYY)...
  ✅ Done ( 56M)
[36/482] Downloading #036 (HyCJPfHU_7E)...
  ✅ Done ( 28M)
[37/482] Downloading #037 (E5lQ1GzCOhk)...
  ✅ Done ( 56M)
[38/482] Downloading #038 (EbxHgVvsMec)...
  ✅ Done ( 80M)
[39/482] Downloading #039 (Te8GYP8dQN0)...
  ✅ Done ( 62M)
[40/482] Downloading #040 (bcEryV8_i7c)...
  ✅ Done ( 80M)
[41/482] Downloading #041 (7UEjxH7C95o)...
  ✅ Done (107M)
[42/482] Downloading #042 (SG5QCd7U9d4)...
  ✅ Done ( 48M)
[43/482] Downloading #043 (qFjqxms7kqk)...
  ✅ Done ( 46M)
[44/482] Downloading #044 (ptQGRyOx_Ew)...
  ✅ Done ( 57M)
[45/482] Downloading #045 (j6ZRzzTMABM)...
  ✅ Done ( 96M)
[46/482] Downloading #046 (Jaczx_0ItvI)...
  ✅ Done ( 96M)
[47/482] Downloading #047 (CRSr88jJv-Y)...
  ✅ Done ( 97M)
[48/482] Downloading #048 (5wFQDRlbq4o)...
  ✅ Done ( 56M)
[49/482] Downloading #049 (DNj8IUE9IMU)...
  ✅ Done ( 96M)
[50/482] Downloading #050 (nSVwIkL4q38)...
  ✅ Done ( 55M)
[51/482] Downloading #051 (djmXszyb5xA)...
  ✅ Done ( 50M)
[52/482] Downloading #052 (nmphgbR41QI)...
  ✅ Done ( 58M)
[53/482] Downloading #053 (iLJ16rju560)...
  ✅ Done ( 51M)
[54/482] Downloading #054 (IB4zM7018pw)...
  ✅ Done ( 43M)
[55/482] Downloading #055 (z6r5OwQO3Gc)...
  ✅ Done ( 42M)
[56/482] Downloading #056 (Rpa7bvfSvDk)...
  ✅ Done ( 45M)
[57/482] Downloading #057 (X7WfgMfV-J8)...
  ✅ Done ( 80M)
[58/482] Downloading #058 (zjtITtxIai0)...
  ✅ Done ( 43M)
[59/482] Downloading #059 (0sEjXuOauB0)...
  ✅ Done ( 37M)
[60/482] Downloading #060 (Yi064RvxH7M)...
  ✅ Done ( 45M)
[61/482] Downloading #062 (rV7mtrUptIc)...
  ✅ Done ( 81M)
[62/482] Downloading #063 (CJugGfv-L6g)...
  ✅ Done ( 51M)
[63/482] Downloading #064 (7u09CcfUiKE)...
  ✅ Done ( 46M)
[64/482] Downloading #065 (ID1E0snTYB0)...
  ✅ Done ( 39M)
[65/482] Downloading #066 (q7aZT15DfXM)...
  ✅ Done ( 37M)
[66/482] Downloading #067 (IZKDPyPzjDA)...
  ✅ Done ( 34M)
[67/482] Downloading #068 (ZVq_CzLKS3M)...
  ✅ Done ( 40M)
[68/482] Downloading #069 (pU3mfF2EGGo)...
  ✅ Done ( 26M)
[69/482] Downloading #070 (anLftFknVpk)...
  ✅ Done ( 40M)
[70/482] Downloading #071 (aLwE_iVJLIk)...
  ✅ Done ( 33M)
[71/482] Downloading #072 (-lVKidWr4CM)...
  ✅ Done ( 42M)
[72/482] Downloading #073 (r0Qlqs9Qp1M)...
  ✅ Done ( 52M)
[73/482] Downloading #074 (Qvi4x4z70v4)...
  ✅ Done ( 34M)
[74/482] Downloading #076 (SL4EJHOEsXI)...
  ✅ Done ( 24M)
[75/482] Downloading #077 (LG_OCEvrXms)...
  ✅ Done ( 59M)
[76/482] Downloading #078 (sJ3zEUzovsw)...
  ✅ Done ( 45M)
[77/482] Downloading #079 (2_U0jfttIYg)...
  ✅ Done ( 46M)
[78/482] Downloading #080 (ZAn6Vt90wOo)...
  ✅ Done ( 49M)
[79/482] Downloading #081 (FY35jOJVigo)...
  ✅ Done (8.5M)
[80/482] Downloading #082 (lk-G7OV93eE)...
  ✅ Done ( 52M)
[81/482] Downloading #083 (SiAgjdNBWBg)...
  ✅ Done ( 40M)
[82/482] Downloading #084 (CF8CqdY7Ans)...
  ✅ Done ( 63M)
[83/482] Downloading #085 (mG-_UzSeOKk)...
  ✅ Done ( 63M)
[84/482] Downloading #086 (UmNKd3w1k6Q)...
  ✅ Done ( 76M)
[85/482] Downloading #087 (LpO8toiyr6o)...
  ✅ Done ( 63M)
[86/482] Downloading #088 (llitcA2VOOY)...
  ✅ Done ( 41M)
[87/482] Downloading #089 (6u6aA0vUKOQ)...
  ✅ Done ( 80M)
[88/482] Downloading #090 (sCuaoanQW6w)...
  ✅ Done ( 37M)
[89/482] Downloading #091 (EvfwRVeXXF4)...
  ✅ Done ( 80M)
[90/482] Downloading #092 (ERa9GNIVspo)...
  ✅ Done ( 65M)
[91/482] Downloading #093 (LrWG7_mJ-m0)...
  ✅ Done ( 81M)
[92/482] Downloading #094 (VJ_KPt6Kvc8)...
  ✅ Done ( 40M)
[93/482] Downloading #095 (lf8qhxJwN8c)...
  ✅ Done ( 50M)
[94/482] Downloading #096 (BUxZELf2qY4)...
  ✅ Done ( 45M)
[95/482] Downloading #097 (ULF4qMcokLg)...
  ✅ Done ( 96M)
[96/482] Downloading #098 (l5yHs_Lccp0)...
  ✅ Done ( 81M)
[97/482] Downloading #099 (C7Pgkiha43s)...
  ✅ Done ( 34M)
[98/482] Downloading #100 (-7elrUr9shs)...
  ✅ Done ( 80M)
[99/482] Downloading #101 (qBQtKvrCxCg)...
  ✅ Done ( 46M)
[100/482] Downloading #102 (vlzTtnrcwl0)...
  ✅ Done ( 80M)
[101/482] Downloading #103 (YUMI_Sqw1ps)...
  ✅ Done ( 96M)
[102/482] Downloading #104 (3cKb6ZAB9I0)...
  ✅ Done ( 47M)
[103/482] Downloading #105 (FYFqin6jCkY)...
  ✅ Done ( 47M)
[104/482] Downloading #106 (sjnnJcy9ndw)...
  ✅ Done ( 57M)
[105/482] Downloading #107 (tzRsmkt5MK4)...
  ✅ Done ( 32M)
[106/482] Downloading #108 (adtU2HIoVdM)...
  ✅ Done ( 80M)
[107/482] Downloading #109 (qW_RNX-PBR8)...
  ✅ Done ( 81M)
[108/482] Downloading #110 (uaifapBuvvE)...
  ✅ Done ( 52M)
[109/482] Downloading #111 (rxAITI7OtGM)...
  ✅ Done ( 80M)
[110/482] Downloading #112 (XMTAZ5nDVf8)...
  ✅ Done ( 54M)
[111/482] Downloading #113 (2v18kd-as54)...
  ✅ Done ( 80M)
[112/482] Downloading #114 (BSynwksRDjw)...
  ✅ Done ( 98M)
[113/482] Downloading #115 (g0pbkt5PrYI)...
  ✅ Done ( 49M)
[114/482] Downloading #116 (VIlqqY1Pd7s)...
  ✅ Done (128M)
[115/482] Downloading #117 (fk6smkIZSuo)...
  ✅ Done ( 96M)
[116/482] Downloading #118 (VUMSIY3e6v8)...
  ✅ Done ( 80M)
[117/482] Downloading #119 (WyBjEtF-lqE)...
  ✅ Done ( 96M)
[118/482] Downloading #120 (a_AueEc0T2k)...
  ✅ Done ( 96M)
[119/482] Downloading #121 (Wb2pRVdJalM)...
  ✅ Done ( 81M)
[120/482] Downloading #122 (KjqY68B7B7U)...
  ✅ Done ( 81M)
[121/482] Downloading #123 (ekwNqSQh-CE)...
  ✅ Done ( 81M)
[122/482] Downloading #124 (6zBybo-cG_8)...
  ✅ Done (106M)
[123/482] Downloading #125 (ePKxjLJKq-M)...
  ✅ Done ( 97M)
[124/482] Downloading #126 (IsUQGoqUQDQ)...
  ✅ Done ( 54M)
[125/482] Downloading #127 (ytz9grh3Qsg)...
  ✅ Done ( 46M)
[126/482] Downloading #128 (fhidxTvyEJs)...
  ✅ Done ( 61M)
[127/482] Downloading #129 (TEX7OA6q03U)...
  ✅ Done ( 63M)
[128/482] Downloading #130 (70NHPaMknaA)...
  ✅ Done ( 42M)
[129/482] Downloading #131 (y0F9jkHf5MA)...
  ✅ Done (128M)
[130/482] Downloading #132 (i5HhIABEOoE)...
  ✅ Done ( 97M)
[131/482] Downloading #133 (X7kQPS5NL-s)...
  ✅ Done (112M)
[132/482] Downloading #134 (3YPwm1fbxEg)...
  ✅ Done ( 80M)
[133/482] Downloading #135 (M5zwd7yU8co)...
  ✅ Done ( 58M)
[134/482] Downloading #136 (lmPtvKZamds)...
  ✅ Done ( 81M)
[135/482] Downloading #137 (JGnvcvITlfo)...
  ✅ Done ( 71M)
[136/482] Downloading #138 (sfSWf4sh19o)...
  ✅ Done ( 96M)
[137/482] Downloading #139 (quatlQYbxlE)...
  ✅ Done ( 81M)
[138/482] Downloading #140 (lXcfBx9n6ZU)...
  ✅ Done ( 65M)
[139/482] Downloading #141 (9l6efL2NDSw)...
  ✅ Done ( 80M)
[140/482] Downloading #142 (rlMVn0mGb10)...
  ✅ Done ( 96M)
[141/482] Downloading #143 (wwht2ExwNRE)...
  ✅ Done (112M)
[142/482] Downloading #144 (85OGnOkFMvM)...
  ✅ Done ( 97M)
[143/482] Downloading #145 (7TyqtoorJ-w)...
  ✅ Done ( 81M)
[144/482] Downloading #146 (sSxWc4Xg4Fo)...
  ✅ Done ( 81M)
[145/482] Downloading #147 (sGcxyEXlXPI)...
  ✅ Done ( 90M)
[146/482] Downloading #148 (W3eIzEH--WE)...
  ✅ Done ( 67M)
[147/482] Downloading #149 (hv_LiWa7ugg)...
  ✅ Done ( 90M)
[148/482] Downloading #150 (BgRLqQhGkBY)...
  ✅ Done ( 64M)
[149/482] Downloading #151 (wIsU3ZLusVU)...
  ✅ Done ( 64M)
[150/482] Downloading #152 (BNHGiyGe6GY)...
  ✅ Done ( 58M)
[151/482] Downloading #153 (NXP2TzjODqY)...
  ✅ Done ( 80M)
[152/482] Downloading #154 (LQOAO4OTB3k)...
  ✅ Done ( 58M)
[153/482] Downloading #155 (N9Vn4q8am4k)...
  ✅ Done ( 58M)
[154/482] Downloading #156 (qaVPTrKWDlU)...
  ✅ Done ( 40M)
[155/482] Downloading #157 (RZZPipsEu-I)...
  ✅ Done ( 62M)
[156/482] Downloading #158 (YuVT0J0YmBs)...
  ✅ Done ( 49M)
[157/482] Downloading #159 (Tmr5N3nnPDk)...
  ✅ Done ( 81M)
[158/482] Downloading #160 (zu7SY44yjbY)...
  ✅ Done ( 52M)
[159/482] Downloading #161 (HiEQmBv4xts)...
  ✅ Done ( 64M)
[160/482] Downloading #162 (JWnECuR69vU)...
  ✅ Done ( 70M)
[161/482] Downloading #163 (MT8KTcBlCmA)...
  ✅ Done ( 31M)
[162/482] Downloading #164 (WFYzeinwSvo)...
  ✅ Done ( 65M)
[163/482] Downloading #165 (ntxiXqXiYbA)...
  ✅ Done ( 57M)
[164/482] Downloading #166 (1zw6Edgjpms)...
  ✅ Done ( 62M)
[165/482] Downloading #167 (TLxtQh15DIo)...
  ✅ Done ( 51M)
[166/482] Downloading #168 (FO2cZ5bbxIM)...
  ✅ Done ( 41M)
[167/482] Downloading #169 (l5yzwHTv9oQ)...
  ✅ Done ( 53M)
[168/482] Downloading #170 (5hnlMR72R0s)...
  ✅ Done ( 66M)
[169/482] Downloading #171 (7VSTrZcZGqQ)...
  ✅ Done ( 46M)
[170/482] Downloading #172 (R0EJ1iO8Bto)...
  ✅ Done ( 52M)
[171/482] Downloading #173 (e_5cJmA1hDg)...
ERROR: [download] Got error: 74 bytes read, 10048926 more expected. Giving up after 10 retries
  ❌ FAILED
[172/482] Downloading #174 (koH38GglElE)...
  ✅ Done ( 50M)
[173/482] Downloading #175 (2806KY8oc4k)...
  ✅ Done ( 63M)
[174/482] Downloading #176 (DucPoNYpYCw)...
  ✅ Done ( 80M)
[175/482] Downloading #177 (_Re2qZkTfLU)...
  ✅ Done ( 64M)
[176/482] Downloading #178 (Hrd1eHecpRA)...
  ✅ Done ( 80M)
[177/482] Downloading #179 (vigEwQxS3eU)...
  ✅ Done ( 69M)
[178/482] Downloading #180 (5qy_SLcdGME)...
  ✅ Done ( 80M)
[179/482] Downloading #181 (4vwkiwvOCz4)...
  ✅ Done ( 54M)
[180/482] Downloading #182 (5UaTiqRl-xU)...
  ✅ Done ( 96M)
[181/482] Downloading #183 (ql7tdl-fUh4)...
  ✅ Done ( 50M)
[182/482] Downloading #184 (iL7Sn_oogBo)...
  ✅ Done ( 44M)
[183/482] Downloading #185 (JpeiwuLJzPE)...
  ✅ Done ( 80M)
[184/482] Downloading #186 (Tp_wTQeZl0s)...
  ✅ Done ( 48M)
[185/482] Downloading #187 (l1vXVkqY5pA)...
  ✅ Done ( 80M)
[186/482] Downloading #188 (y0bjhDQENJ4)...
  ✅ Done ( 48M)
[187/482] Downloading #189 (LZcBqE4cqY4)...
  ✅ Done ( 42M)
[188/482] Downloading #190 (B8VVjN-WYDw)...
  ✅ Done ( 29M)
[189/482] Downloading #191 (FC54A-BRZIM)...
  ✅ Done ( 49M)
[190/482] Downloading #192 (F-ONawQ64fM)...
  ✅ Done ( 62M)
[191/482] Downloading #193 (g80Mwn8GUhs)...
  ✅ Done ( 35M)
[192/482] Downloading #194 (DfyG7O1xff4)...
  ✅ Done ( 62M)
[193/482] Downloading #195 (2JtehMX9pJw)...
  ✅ Done ( 44M)
[194/482] Downloading #196 (4RREozF67jc)...
  ✅ Done ( 41M)
[195/482] Downloading #197 (1ol_XCeXsLQ)...
  ✅ Done ( 49M)
[196/482] Downloading #198 (xjt4YCTto2M)...
  ✅ Done ( 21M)
[197/482] Downloading #199 (_gVVyjrSX8U)...
  ✅ Done ( 58M)
[198/482] Downloading #200 (J8IJAR_XqIs)...
  ✅ Done ( 80M)
[199/482] Downloading #201 (bCs5C6vIkT8)...
  ✅ Done ( 63M)
[200/482] Downloading #202 (H_IvrvA0W4g)...
  ✅ Done ( 59M)
[201/482] Downloading #203 (QiquH-BrZt0)...
  ✅ Done ( 48M)
[202/482] Downloading #204 (dNrc4URX8Gs)...
  ✅ Done ( 36M)
[203/482] Downloading #205 (UHfJ-iQJNVM)...
  ✅ Done ( 41M)
[204/482] Downloading #206 (B7WT8qtgslg)...
  ✅ Done ( 41M)
[205/482] Downloading #207 (lhTcnHQtfcE)...
  ✅ Done ( 81M)
[206/482] Downloading #208 (kH9nW8PyXEU)...
  ✅ Done ( 80M)
[207/482] Downloading #209 (q8RL0hI8RPE)...
  ✅ Done ( 50M)
[208/482] Downloading #210 (7YNwLQFTnBM)...
  ✅ Done ( 64M)
[209/482] Downloading #211 (nYBkTvREDuo)...
  ✅ Done ( 37M)
[210/482] Downloading #212 (_FxwFpEYcqs)...
  ✅ Done ( 47M)
[211/482] Downloading #213 (OsuExKRUtqk)...
  ✅ Done ( 54M)
[212/482] Downloading #214 (7yAvd49a9AU)...
  ✅ Done ( 96M)
[213/482] Downloading #215 (j2nVGzdkF3A)...
  ✅ Done ( 80M)
[214/482] Downloading #216 (D1lR6loiJOA)...
  ✅ Done ( 59M)
[215/482] Downloading #217 (9TGJcWDf6JI)...
  ✅ Done ( 61M)
[216/482] Downloading #218 (tEWqJyrswAI)...
  ✅ Done ( 38M)
[217/482] Downloading #219 (aNSFQTBS5CM)...
  ✅ Done ( 50M)
[218/482] Downloading #220 (el1E9d8V_mI)...
  ✅ Done ( 55M)
[219/482] Downloading #221 (C5DD52ovoDE)...
  ✅ Done ( 96M)
[220/482] Downloading #222 (smwPTVb2ODM)...
  ✅ Done ( 36M)
[221/482] Downloading #223 (n1aL5VongcY)...
  ✅ Done (112M)
[222/482] Downloading #224 (VkBz72fjkrs)...
  ✅ Done ( 46M)
[223/482] Downloading #225 (-fgsjEZq9lA)...
  ✅ Done ( 80M)
[224/482] Downloading #226 (pUr8SFkDuWU)...
  ✅ Done ( 41M)
[225/482] Downloading #227 (Kchk4dKxoPI)...
  ✅ Done ( 59M)
[226/482] Downloading #228 (0tDc_rCR0lw)...
  ✅ Done ( 80M)
[227/482] Downloading #229 (0RmN98TH7qM)...
  ✅ Done ( 96M)
[228/482] Downloading #230 (UxLlMkz_S7A)...
  ✅ Done (112M)
[229/482] Downloading #231 (ZZmHATTzi90)...
  ✅ Done ( 48M)
[230/482] Downloading #232 (z-OBwvGPWfE)...
  ✅ Done ( 41M)
[231/482] Downloading #233 (ZNIdRYQrP_0)...
  ✅ Done ( 49M)
[232/482] Downloading #234 (gK4H_RBMTlE)...
  ✅ Done ( 31M)
[233/482] Downloading #235 (324nwz5K8n8)...
  ✅ Done ( 30M)
[234/482] Downloading #236 (zLD3p2EkJQ0)...
  ✅ Done ( 54M)
[235/482] Downloading #237 (6mWU_gmLsro)...
  ✅ Done ( 49M)
[236/482] Downloading #238 (c4ZVcFYte5s)...
  ✅ Done ( 61M)
[237/482] Downloading #239 (rKfbSayItNo)...
  ✅ Done ( 58M)
[238/482] Downloading #240 (2J_FmXQl0so)...
  ✅ Done ( 53M)
[239/482] Downloading #241 (OcvTydG9FCc)...
  ✅ Done ( 65M)
[240/482] Downloading #242 (Y-RCCt7uWnQ)...
  ✅ Done ( 44M)
[241/482] Downloading #244 (32EYxo-yIZU)...
  ✅ Done ( 64M)
[242/482] Downloading #245 (eLHxxib4e2Y)...
  ✅ Done ( 59M)
[243/482] Downloading #246 (0H9-GDrLdPM)...
  ✅ Done ( 80M)
[244/482] Downloading #247 (SH3qNP08KVc)...
  ✅ Done ( 96M)
[245/482] Downloading #248 (yKE69_c1rWw)...
  ✅ Done ( 80M)
[246/482] Downloading #249 (rH0hYLvOmbM)...
  ✅ Done ( 96M)
[247/482] Downloading #250 (1Hhx1H8cG04)...
  ✅ Done ( 63M)
[248/482] Downloading #251 (-lgq_H41tL8)...
  ✅ Done ( 80M)
[249/482] Downloading #252 (Q9AMoYMDSGU)...
  ✅ Done ( 96M)
[250/482] Downloading #253 (7TGut4cTAn4)...
  ✅ Done ( 80M)
[251/482] Downloading #254 (i0ddwFcVOIM)...
  ✅ Done ( 80M)
[252/482] Downloading #255 (Kw0DpYfLgKU)...
  ✅ Done ( 80M)
[253/482] Downloading #256 (zK-iPdtUTaY)...
  ✅ Done ( 96M)
[254/482] Downloading #257 (KLEdSfkVl6A)...
  ✅ Done ( 96M)
[255/482] Downloading #258 (1yhkBiHzEP8)...
  ✅ Done ( 80M)
[256/482] Downloading #259 (Fow-MCppnQk)...
  ✅ Done ( 62M)
[257/482] Downloading #260 (LOu3m0jhtcA)...
  ✅ Done ( 80M)
[258/482] Downloading #261 (sUw9U3_jQYg)...
  ✅ Done ( 52M)
[259/482] Downloading #262 (rBw1ugVqJo0)...
  ✅ Done ( 96M)
[260/482] Downloading #263 (Da4lj_AhqSg)...
  ✅ Done ( 96M)
[261/482] Downloading #264 (ggISriuLGUo)...
  ✅ Done ( 80M)
[262/482] Downloading #265 (rI2PZAhZyb0)...
  ✅ Done (112M)
[263/482] Downloading #266 (c2aYZMaT43w)...
  ✅ Done (128M)
[264/482] Downloading #267 (uDElTQYRSWQ)...
  ✅ Done ( 96M)
[265/482] Downloading #268 (OnySWRuSGJM)...
  ✅ Done ( 72M)
[266/482] Downloading #269 (ZQM48rsQ7iQ)...
  ✅ Done ( 80M)
[267/482] Downloading #270 (o7A_r7Fgv7U)...
  ✅ Done ( 57M)
[268/482] Downloading #271 (AgN7MI5sydY)...
  ✅ Done ( 50M)
[269/482] Downloading #272 (cZXCDRpXVCQ)...
  ✅ Done ( 54M)
[270/482] Downloading #273 (GKxszj7o-NM)...
  ✅ Done (128M)
[271/482] Downloading #274 (5QFKKP0aHGk)...
  ✅ Done ( 80M)
[272/482] Downloading #275 (qa6D8KmMonA)...
  ✅ Done ( 42M)
[273/482] Downloading #276 (QSQphcPHVKQ)...
  ✅ Done ( 62M)
[274/482] Downloading #277 (8UWuBS2x49M)...
  ✅ Done ( 96M)
[275/482] Downloading #278 (syZxoA4NIVE)...
  ✅ Done ( 96M)
[276/482] Downloading #279 (EYPbehfM7WU)...
  ✅ Done ( 80M)
[277/482] Downloading #280 (3Rie0g4zY9o)...
  ✅ Done ( 80M)
[278/482] Downloading #281 (jA1OgS5Wpuc)...
  ✅ Done ( 67M)
[279/482] Downloading #282 (lPJU_dMAf_E)...
  ✅ Done ( 82M)
[280/482] Downloading #283 (MYW4B4Ixa7I)...
  ✅ Done ( 41M)
[281/482] Downloading #284 (8JipET-lVSo)...
  ✅ Done ( 80M)
[282/482] Downloading #285 (UPxNG_BuHss)...
  ✅ Done (112M)
[283/482] Downloading #286 (0c1WsMsqjZ0)...
  ✅ Done (128M)
[284/482] Downloading #287 (xLS-xkZVopk)...
  ✅ Done ( 80M)
[285/482] Downloading #288 (nMCx0dituoY)...
  ✅ Done ( 96M)
[286/482] Downloading #289 (KYBUi_wRxKM)...
  ✅ Done ( 39M)
[287/482] Downloading #290 (5K7SWpBddbc)...
  ✅ Done ( 61M)
[288/482] Downloading #291 (aJwKrSHYfJ4)...
  ✅ Done ( 81M)
[289/482] Downloading #292 (cP230U7-HFo)...
  ✅ Done ( 96M)
[290/482] Downloading #293 (BZpi3F3qexc)...
  ✅ Done ( 80M)
[291/482] Downloading #294 (XzKXKGh3wlA)...
  ✅ Done ( 80M)
[292/482] Downloading #295 (aD6DWaSJQHg)...
  ✅ Done (112M)
[293/482] Downloading #296 (pZ6WyKRRa30)...
  ✅ Done ( 80M)
[294/482] Downloading #297 (wkhIV1QYtU8)...
  ✅ Done ( 80M)
[295/482] Downloading #298 (l5QFdEoMTwM)...
  ✅ Done ( 80M)
[296/482] Downloading #299 (jdIRQz6YyNo)...
  ✅ Done ( 80M)
[297/482] Downloading #300 (T0MqYK9QeM0)...
  ✅ Done (128M)
[298/482] Downloading #301 (q9dTmC06MHg)...
  ✅ Done ( 96M)
[299/482] Downloading #302 (uLhUY13xtHI)...
  ✅ Done ( 80M)
[300/482] Downloading #303 (1Mi9vNfAk1k)...
  ✅ Done ( 80M)
[301/482] Downloading #304 (HxnXFUFQvBE)...
  ✅ Done ( 54M)
[302/482] Downloading #305 (dkhHyepIIbg)...
  ✅ Done (128M)
[303/482] Downloading #306 (xyEsjTuvF1I)...
  ✅ Done ( 96M)
[304/482] Downloading #307 (6LT7-ZEVx8A)...
  ✅ Done ( 80M)
[305/482] Downloading #308 (S4XMPc9oS6Y)...
  ✅ Done ( 80M)
[306/482] Downloading #309 (lrzbKZzB2KQ)...
  ✅ Done ( 41M)
[307/482] Downloading #310 (zf5dPAwWYI0)...
  ✅ Done ( 57M)
[308/482] Downloading #311 (KZVks6Sl7N4)...
  ✅ Done ( 31M)
[309/482] Downloading #312 (xG2rbGng9Mo)...
  ✅ Done ( 96M)
[310/482] Downloading #313 (Zj52tjQlbKw)...
  ✅ Done ( 96M)
[311/482] Downloading #314 (rzcMqfHkneY)...
  ✅ Done ( 81M)
[312/482] Downloading #315 (E2mvIc0sXf8)...
  ✅ Done ( 96M)
[313/482] Downloading #316 (Z9FBFP647z4)...
  ✅ Done ( 96M)
[314/482] Downloading #317 (z_x7cz7NuGY)...
  ✅ Done ( 58M)
[315/482] Downloading #318 (OjR-Zh-pjYE)...
  ✅ Done ( 64M)
[316/482] Downloading #319 (OaEeru-INtc)...
  ✅ Done ( 80M)
[317/482] Downloading #320 (vB6lPWVeCq0)...
  ✅ Done ( 82M)
[318/482] Downloading #321 (wAY5xZufKIY)...
  ✅ Done ( 80M)
[319/482] Downloading #322 (uSGbNsLBYHE)...
  ✅ Done ( 53M)
[320/482] Downloading #323 (dEYmwHq6cro)...
  ✅ Done ( 50M)
[321/482] Downloading #324 (SotgsP9DYlE)...
  ✅ Done ( 96M)
[322/482] Downloading #325 (-X5hlhyKsfs)...
  ✅ Done ( 56M)
[323/482] Downloading #326 (zWcG-PV-oSY)...
  ✅ Done ( 59M)
[324/482] Downloading #327 (ca5_5X1GzHs)...
  ✅ Done ( 80M)
[325/482] Downloading #328 (vTqNAGbQayU)...
  ✅ Done ( 44M)
[326/482] Downloading #329 (OovSI38ewLE)...
  ✅ Done ( 80M)
[327/482] Downloading #330 (xnyVhYNjqok)...
  ✅ Done ( 80M)
[328/482] Downloading #331 (eagEiONLhvg)...
  ✅ Done ( 55M)
[329/482] Downloading #332 (rnZQhbiMC84)...
  ✅ Done ( 96M)
[330/482] Downloading #333 (E5nFUaFdXp4)...
  ✅ Done ( 44M)
[331/482] Downloading #334 (pNTPeDc0oGA)...
  ✅ Done ( 54M)
[332/482] Downloading #335 (JQ2UaDfFXqE)...
  ✅ Done ( 59M)
[333/482] Downloading #336 (s_2W8R4i_qU)...
  ✅ Done ( 96M)
[334/482] Downloading #337 (xkfTk7iyYaw)...
  ✅ Done ( 67M)
[335/482] Downloading #338 (ISEjP2yxjlQ)...
  ✅ Done ( 44M)
[336/482] Downloading #339 (TiB66fiQdqE)...
  ✅ Done ( 51M)
[337/482] Downloading #340 (LraMW1Qyw00)...
  ✅ Done ( 54M)
[338/482] Downloading #341 (piGrQeN2uK4)...
  ✅ Done ( 51M)
[339/482] Downloading #342 (mj_ULhRLiPQ)...
  ✅ Done ( 51M)
[340/482] Downloading #343 (878nyinOyqQ)...
  ✅ Done ( 62M)
[341/482] Downloading #344 (pkPYEjRTVfw)...
  ✅ Done ( 57M)
[342/482] Downloading #345 (LZmwafkK45w)...
  ✅ Done ( 64M)
[343/482] Downloading #346 (YREhVwtMDMw)...
  ✅ Done ( 96M)
[344/482] Downloading #347 (U1KE41zlMP4)...
  ✅ Done ( 59M)
[345/482] Downloading #348 (EDDnivc6n3I)...
  ✅ Done ( 96M)
[346/482] Downloading #349 (O3w5a4mai_g)...
  ✅ Done ( 80M)
[347/482] Downloading #350 (DolXwKDNXYI)...
  ✅ Done ( 64M)
[348/482] Downloading #351 (8oM3LEKSDsE)...
  ✅ Done ( 35M)
[349/482] Downloading #352 (DqRa2vx2ZH8)...
  ✅ Done ( 80M)
[350/482] Downloading #353 (42f472nEDYE)...
  ✅ Done ( 62M)
[351/482] Downloading #354 (7ohv2i99YRU)...
  ✅ Done ( 59M)
[352/482] Downloading #355 (G_OonCOnM-o)...
  ✅ Done ( 96M)
[353/482] Downloading #356 (dbcPIk4Buf8)...
  ✅ Done ( 80M)
[354/482] Downloading #357 (qiTKGamZoO8)...
  ✅ Done ( 58M)
[355/482] Downloading #358 (lIvIe0RZBfk)...
  ✅ Done ( 80M)
[356/482] Downloading #359 (x2cwUkIU-vI)...
  ✅ Done ( 59M)
[357/482] Downloading #360 (cFCFuwVL350)...
  ✅ Done ( 22M)
[358/482] Downloading #361 (deirWD1KvkU)...
  ✅ Done ( 80M)
[359/482] Downloading #362 (qLRmo_0A5v8)...
  ✅ Done ( 80M)
[360/482] Downloading #363 (ZPrDJlmLTFs)...
  ✅ Done ( 96M)
[361/482] Downloading #364 (tx6N7bKkJkM)...
  ✅ Done ( 80M)
[362/482] Downloading #365 (TVM_yh83DxY)...
  ✅ Done ( 57M)
[363/482] Downloading #366 (mUFiO6a6Yl0)...
  ✅ Done ( 57M)
[364/482] Downloading #367 (HUgZjcblFAg)...
  ✅ Done ( 46M)
[365/482] Downloading #368 (OaR3SS_wkwI)...
  ✅ Done ( 72M)
[366/482] Downloading #369 (Ki9nGfOQOpk)...
  ✅ Done ( 80M)
[367/482] Downloading #370 (bewJCRp8kGA)...
  ✅ Done ( 44M)
[368/482] Downloading #371 (aiRWW7T5kqU)...
  ✅ Done ( 58M)
[369/482] Downloading #372 (GeJEjOk4Lfg)...
  ✅ Done ( 56M)
[370/482] Downloading #373 (BgXv7xJGad8)...
  ✅ Done ( 47M)
[371/482] Downloading #374 (jc7w3Eu0ZNM)...
  ✅ Done ( 34M)
[372/482] Downloading #375 (vA6Yy1fSpF0)...
  ✅ Done ( 53M)
[373/482] Downloading #376 (4cq_87ndoLU)...
  ✅ Done ( 80M)
[374/482] Downloading #377 (Z8oC35I-i6Q)...
  ✅ Done ( 49M)
[375/482] Downloading #378 (ikypaOQ4Q-w)...
  ✅ Done ( 43M)
[376/482] Downloading #379 (5ZsfXy__cSI)...
  ✅ Done ( 80M)
[377/482] Downloading #380 (w4JlD2zPYsA)...
  ✅ Done ( 45M)
[378/482] Downloading #381 (AjshUHoXWOw)...
  ✅ Done ( 80M)
[379/482] Downloading #382 (KamWW5SwX-s)...
  ✅ Done ( 80M)
[380/482] Downloading #383 (Ry7wdDi6RU0)...
  ✅ Done ( 96M)
[381/482] Downloading #384 (0bxz4vH8kzs)...
  ✅ Done ( 59M)
[382/482] Downloading #385 (zJVIdAvcoC8)...
  ✅ Done ( 69M)
[383/482] Downloading #386 (uFNWIYopQvU)...
  ✅ Done ( 49M)
[384/482] Downloading #387 (K5XkL_NXSWg)...
  ✅ Done ( 43M)
[385/482] Downloading #388 (kZXr2YOEoZ0)...
  ✅ Done ( 52M)
[386/482] Downloading #389 (1V7nN9BOmNM)...
  ✅ Done (112M)
[387/482] Downloading #390 (KjwZpb9oNJM)...
  ✅ Done ( 61M)
[388/482] Downloading #391 (ndVtLJ8aazc)...
  ✅ Done ( 81M)
[389/482] Downloading #392 (_QgjVliUh3Y)...
  ✅ Done ( 45M)
[390/482] Downloading #393 (fZkhhkAPlMA)...
  ✅ Done ( 96M)
[391/482] Downloading #394 (mB8hRCilfU4)...
  ✅ Done ( 97M)
[392/482] Downloading #395 (h9OFhhU7Wk4)...
  ✅ Done ( 64M)
[393/482] Downloading #396 (MVGCDcH1oOc)...
  ✅ Done ( 80M)
[394/482] Downloading #397 (TXvFFSJps2c)...
  ✅ Done ( 80M)
[395/482] Downloading #398 (oRyis2zSTVU)...
  ✅ Done ( 34M)
[396/482] Downloading #399 (-0jD0355dfw)...
  ✅ Done ( 56M)
[397/482] Downloading #400 (Rzcf8ofL31U)...
  ✅ Done ( 96M)
[398/482] Downloading #401 (0Zt_xcbMe7w)...
  ✅ Done ( 96M)
[399/482] Downloading #402 (nRMwfg5wPdM)...
  ✅ Done ( 80M)
[400/482] Downloading #403 (pOeUGlcbcXI)...
  ✅ Done ( 56M)
[401/482] Downloading #404 (1uObUTDlJTo)...
  ✅ Done ( 42M)
[402/482] Downloading #405 (eHdRbS3UL4w)...
  ✅ Done ( 74M)
[403/482] Downloading #406 (pjYMRPKjzhk)...
  ✅ Done ( 53M)
[404/482] Downloading #407 (FPcaOnUM6j4)...
  ✅ Done ( 80M)
[405/482] Downloading #408 (aq6M6rlLljA)...
  ✅ Done ( 97M)
[406/482] Downloading #409 (iLkeFmEzwb4)...
  ✅ Done ( 58M)
[407/482] Downloading #410 (W3QzNHFImPo)...
  ✅ Done ( 80M)
[408/482] Downloading #411 (YrMicWmYDtk)...
  ✅ Done ( 60M)
[409/482] Downloading #412 (dgIz4FF5Q9Y)...
  ✅ Done ( 50M)
[410/482] Downloading #413 (x3EV5-vz8-U)...
  ✅ Done ( 56M)
[411/482] Downloading #414 (GIcej7p-XBA)...
  ✅ Done ( 48M)
[412/482] Downloading #415 (C776Dhu5R7o)...
  ✅ Done ( 41M)
[413/482] Downloading #416 (PbfSI1JqTms)...
  ✅ Done ( 47M)
[414/482] Downloading #417 (vrBRQpkAjHY)...
  ✅ Done ( 81M)
[415/482] Downloading #418 (EN1RRO-pKK0)...
  ✅ Done ( 57M)
[416/482] Downloading #419 (d0AJ0x42ovM)...
  ✅ Done ( 80M)
[417/482] Downloading #420 (fFvtd8g34vY)...
  ✅ Done ( 57M)
[418/482] Downloading #421 (uPK__NzNzWs)...
  ✅ Done ( 46M)
[419/482] Downloading #422 (cEbn3sLDyC4)...
  ✅ Done ( 53M)
[420/482] Downloading #423 (K66Gw_u_ITc)...
  ✅ Done ( 59M)
[421/482] Downloading #424 (NoKhZ6RJ7gw)...
  ✅ Done ( 31M)
[422/482] Downloading #425 (w2W7lm9DrUo)...
  ✅ Done ( 96M)
[423/482] Downloading #426 (8AL6-2siBPA)...
  ✅ Done ( 81M)
[424/482] Downloading #427 (C2IleN7P1OQ)...
  ✅ Done ( 18M)
[425/482] Downloading #428 (43bZVYqFDY4)...
  ✅ Done ( 48M)
[426/482] Downloading #429 (cVqvbqZXg_A)...
  ✅ Done ( 30M)
[427/482] Downloading #430 (F4hJje7We3E)...
  ✅ Done ( 80M)
[428/482] Downloading #431 (ONAuzQ4ZWiw)...
  ✅ Done ( 39M)
[429/482] Downloading #432 (FpsL4IKJF68)...
  ✅ Done (112M)
[430/482] Downloading #433 (0sGgpNg_2IM)...
  ✅ Done (112M)
[431/482] Downloading #434 (nga8dRJHScY)...
  ✅ Done ( 53M)
[432/482] Downloading #435 (N9bugGakDX0)...
  ✅ Done ( 57M)
[433/482] Downloading #436 (ZMFxdMgTanI)...
  ✅ Done ( 46M)
[434/482] Downloading #437 (IDlpWXcsUpY)...
  ✅ Done ( 43M)
[435/482] Downloading #438 (fWzdA8pQqC0)...
  ✅ Done ( 57M)
[436/482] Downloading #439 (Wbpba7Jvx_0)...
  ✅ Done ( 80M)
[437/482] Downloading #440 (56r2whL9pxs)...
  ✅ Done ( 54M)
[438/482] Downloading #441 (4Ig8fiG2hSA)...
  ✅ Done ( 57M)
[439/482] Downloading #442 (-wxWkkEjK4I)...
  ✅ Done ( 29M)
[440/482] Downloading #443 (pNm9A_436_g)...
  ✅ Done (112M)
[441/482] Downloading #444 (QKxrLjv5hsY)...
  ✅ Done ( 55M)
[442/482] Downloading #445 (t_aprx4Wv88)...
  ✅ Done (113M)
[443/482] Downloading #446 (QtbJoqwcESc)...
  ✅ Done ( 80M)
[444/482] Downloading #447 (D_3ute6esdE)...
  ✅ Done ( 80M)
[445/482] Downloading #448 (I_h0H6dFSjM)...
  ✅ Done ( 49M)
[446/482] Downloading #449 (9_KlQ0fVgjI)...
  ✅ Done ( 80M)
[447/482] Downloading #450 (3pUIkHBLBKI)...
  ✅ Done ( 55M)
[448/482] Downloading #451 (VXaKDgfe4iw)...
  ✅ Done (112M)
[449/482] Downloading #452 (doxAdjeHL-0)...
  ✅ Done ( 96M)
[450/482] Downloading #453 (jeT1awTB4ik)...
  ✅ Done ( 80M)
[451/482] Downloading #454 (MP8mYH4OK8k)...
  ✅ Done ( 80M)
[452/482] Downloading #455 (HP9Tsu5rTus)...
  ✅ Done ( 96M)
[453/482] Downloading #456 (YbnPareFSwM)...
  ✅ Done ( 58M)
[454/482] Downloading #457 (gHvIcrmXsYU)...
  ✅ Done ( 41M)
[455/482] Downloading #458 (XjgHwmSHKZc)...
  ✅ Done ( 80M)
[456/482] Downloading #459 (YWKSRcwitRs)...
  ✅ Done ( 80M)
[457/482] Downloading #460 (3aElmUlFPyc)...
  ✅ Done (112M)
[458/482] Downloading #461 (X6Z3KVUNN8Q)...
  ✅ Done ( 80M)
[459/482] Downloading #462 (n1cXwuwG0ko)...
  ✅ Done ( 48M)
[460/482] Downloading #463 (znWyIwYQeNk)...
  ✅ Done ( 62M)
[461/482] Downloading #464 (DshYfCeGjYw)...
  ✅ Done ( 51M)
[462/482] Downloading #465 (tbQe9KfpBk0)...
  ✅ Done ( 81M)
[463/482] Downloading #466 (g_x-i-LJRCM)...
  ✅ Done ( 49M)
[464/482] Downloading #467 (fQc3OnDpZV4)...
  ✅ Done ( 77M)
[465/482] Downloading #468 (ComNcB8SUXA)...
  ✅ Done ( 50M)
[466/482] Downloading #469 (fdmBSDkFO94)...
  ✅ Done ( 45M)
[467/482] Downloading #470 (pDHNTWzWrIM)...
  ✅ Done ( 68M)
[468/482] Downloading #471 (bZoSXAauqIA)...
  ✅ Done (113M)
[469/482] Downloading #472 (QqQDjNblVQg)...
  ✅ Done ( 59M)
[470/482] Downloading #473 (iLHkNwrxvBA)...
  ✅ Done ( 80M)
[471/482] Downloading #474 (tFHiZ-e3K5w)...
  ✅ Done ( 87M)
[472/482] Downloading #475 (KbU-KVezTTw)...
  ✅ Done ( 59M)
[473/482] Downloading #476 (EeAqaGGn9pc)...
  ✅ Done ( 97M)
[474/482] Downloading #477 (2OgTsHcxUIM)...
  ✅ Done ( 16M)
[475/482] Downloading #478 (EOKIKcsVOUU)...
  ✅ Done ( 81M)
[476/482] Downloading #479 (6mPwvYpxaWg)...
  ✅ Done ( 81M)
[477/482] Downloading #480 (LGlf8sibjU8)...
  ✅ Done ( 48M)
[478/482] Downloading #481 (xpDqr8agyts)...
  ✅ Done ( 80M)
[479/482] Downloading #482 (TYD7ceYzlnU)...
  ✅ Done ( 11M)
[480/482] Downloading #483 (pLp_qmKxMyg)...
  ✅ Done ( 80M)
[481/482] Downloading #484 (-RiJmDO3Hl8)...
  ✅ Done ( 49M)
[482/482] Downloading #485 (cUBaMcIejlY)...
  ✅ Done ( 21M)

=== Download Complete ===
Total: 482
Downloaded: 481
Skipped: 0
Failed: 1
Finished: Mon Mar  9 05:53:59 PDT 2026
Total size:  31G
